c:\users\user\documents\visual studio 2015\projects\269 - homework 4 - single link list\269 - homework 4 - single link list\debug\vc140.pdb
c:\users\user\documents\visual studio 2015\projects\269 - homework 4 - single link list\269 - homework 4 - single link list\debug\vc140.idb
c:\users\user\documents\visual studio 2015\projects\269 - homework 4 - single link list\269 - homework 4 - single link list\debug\269 - homework 4 - single link list.obj
c:\users\user\documents\visual studio 2015\projects\269 - homework 4 - single link list\269 - homework 4 - single link list\debug\stdafx.obj
c:\users\user\documents\visual studio 2015\projects\269 - homework 4 - single link list\269 - homework 4 - single link list\debug\ex3-4.obj
c:\users\user\documents\visual studio 2015\projects\269 - homework 4 - single link list\debug\269 - homework 4 - single link list.ilk
c:\users\user\documents\visual studio 2015\projects\269 - homework 4 - single link list\debug\269 - homework 4 - single link list.exe
c:\users\user\documents\visual studio 2015\projects\269 - homework 4 - single link list\debug\269 - homework 4 - single link list.pdb
c:\users\user\documents\visual studio 2015\projects\269 - homework 4 - single link list\269 - homework 4 - single link list\debug\269 - ho.13644897.tlog\cl.command.1.tlog
c:\users\user\documents\visual studio 2015\projects\269 - homework 4 - single link list\269 - homework 4 - single link list\debug\269 - ho.13644897.tlog\cl.read.1.tlog
c:\users\user\documents\visual studio 2015\projects\269 - homework 4 - single link list\269 - homework 4 - single link list\debug\269 - ho.13644897.tlog\cl.write.1.tlog
c:\users\user\documents\visual studio 2015\projects\269 - homework 4 - single link list\269 - homework 4 - single link list\debug\269 - ho.13644897.tlog\link-cvtres.read.1.tlog
c:\users\user\documents\visual studio 2015\projects\269 - homework 4 - single link list\269 - homework 4 - single link list\debug\269 - ho.13644897.tlog\link-cvtres.write.1.tlog
c:\users\user\documents\visual studio 2015\projects\269 - homework 4 - single link list\269 - homework 4 - single link list\debug\269 - ho.13644897.tlog\link-rc.read.1.tlog
c:\users\user\documents\visual studio 2015\projects\269 - homework 4 - single link list\269 - homework 4 - single link list\debug\269 - ho.13644897.tlog\link-rc.write.1.tlog
c:\users\user\documents\visual studio 2015\projects\269 - homework 4 - single link list\269 - homework 4 - single link list\debug\269 - ho.13644897.tlog\link.1536-cvtres.read.1.tlog
c:\users\user\documents\visual studio 2015\projects\269 - homework 4 - single link list\269 - homework 4 - single link list\debug\269 - ho.13644897.tlog\link.1536-cvtres.write.1.tlog
c:\users\user\documents\visual studio 2015\projects\269 - homework 4 - single link list\269 - homework 4 - single link list\debug\269 - ho.13644897.tlog\link.1536-rc.read.1.tlog
c:\users\user\documents\visual studio 2015\projects\269 - homework 4 - single link list\269 - homework 4 - single link list\debug\269 - ho.13644897.tlog\link.1536-rc.write.1.tlog
c:\users\user\documents\visual studio 2015\projects\269 - homework 4 - single link list\269 - homework 4 - single link list\debug\269 - ho.13644897.tlog\link.1536.read.1.tlog
c:\users\user\documents\visual studio 2015\projects\269 - homework 4 - single link list\269 - homework 4 - single link list\debug\269 - ho.13644897.tlog\link.1536.write.1.tlog
c:\users\user\documents\visual studio 2015\projects\269 - homework 4 - single link list\269 - homework 4 - single link list\debug\269 - ho.13644897.tlog\link.command.1.tlog
c:\users\user\documents\visual studio 2015\projects\269 - homework 4 - single link list\269 - homework 4 - single link list\debug\269 - ho.13644897.tlog\link.read.1.tlog
c:\users\user\documents\visual studio 2015\projects\269 - homework 4 - single link list\269 - homework 4 - single link list\debug\269 - ho.13644897.tlog\link.write.1.tlog
